<?xml version="1.0" encoding="UTF-8"?>
<testsuite name="PigLatin_Test" tests="1" skipped="0" failures="0" errors="0" timestamp="2020-10-14T00:01:09" hostname="DESKTOP-46T7LUT" time="0.012">
  <properties/>
  <testcase name="pigLatin_ReturnPigLating()" classname="PigLatin_Test" time="0.012"/>
  <system-out><![CDATA[]]></system-out>
  <system-err><![CDATA[]]></system-err>
</testsuite>
